0-------------------------------------------------------------0.com
0-------------------------------------------------------------0.dk
0-------------------------------------------------------------5.com
0---------------------0.com
0----------------0.com
0---------0.com
0----0.info
0--0----------------------------------------------------------1.net
0--0---------------------------------------------------------0.com
0--0---------2lookup.com
0--0-------free2lookup.com
0--0-----2lookup.com
0--0----free2lookup.com
0--0--0.com
0--0--0.dk
0--0--0.net
0--0--0.us
0--0--7.de
0--0--7.eu
0--0--sex.dk
0--0.biz
0--0.co.uk
0--0.com
0--0.de
0--0.dk
0--0.eu
0--0.me
0--0.net
0--0.org
0--0.us
0--00--0.com
0--00--0.net
0--001-cell-reverse-number-lookup-free.com
0--001-free-cell-number-reverse-lookup.com
0--007-free-reverse-cell-number-lookup.com
0--007-free-reverse-phone-lookup.com
0--1.com
0--1.eu
0--1.me
0--1.net
0--1.org
0--100.com
0--2.com
0--3.com
0--5.com
0--6.com
0--7.com
0--8.com
0--9.com
0--9.net
0--a.net
0--abaal.dk
0--b.com
0--b.de
0--credit-cards.com
0--d.com
0--free-reverse-number-lookup.com
0--freecellphonenumberlookup.com
0--g.com
0--gratis.dk
0--hardcore.dk
0--i.com
0--m.com
0--mm.com
0--n.com
0--o--0.com
0--o.com
0--o.de
0--oralsex.dk
0--reversephonelookup.com
0--sex.dk
0--t.com
0--teen.dk
0--teens.dk
0--x--0.com
0--x.net
0--z.com
0-0---0-0.com
0-0--0.com
0-0--0.info
0-0-0-0-0-0-0-0-0-0-0-0-0-0-0-0-0-0-0-0-0-0-0-0-0-0-0-0-0-0-0-a.de
0-0-0-0-0-0-0-0-0-0-0-0-0-0-0-0-0-0-0-0-0-0-0-0-0-0-0-0-0-0-a.de
0-0-0-0-0-0-0-0-0-0-0-0-0-0-0-0-0-0-0-00.hu
0-0-0-0-0-0-0-0-0-0-0-0-0-1-0-0-0-0-0-0-0-0-0-0-0-0-0.info
0-0-0-0-0-0-0-0-0-0-0-0-0-10-0-0-0-0-0-0-0-0-0-0-0-0-0.info
0-0-0-0-0-0-0-0-0-0-0-0-0-11-0-0-0-0-0-0-0-0-0-0-0-0-0.info
0-0-0-0-0-0-0-0-0-0-0-0-0-12-0-0-0-0-0-0-0-0-0-0-0-0-0.info
0-0-0-0-0-0-0-0-0-0-0-0-0-13-0-0-0-0-0-0-0-0-0-0-0-0-0.info
0-0-0-0-0-0-0-0-0-0-0-0-0-14-0-0-0-0-0-0-0-0-0-0-0-0-0.info
0-0-0-0-0-0-0-0-0-0-0-0-0-15-0-0-0-0-0-0-0-0-0-0-0-0-0.info
0-0-0-0-0-0-0-0-0-0-0-0-0-16-0-0-0-0-0-0-0-0-0-0-0-0-0.info
0-0-0-0-0-0-0-0-0-0-0-0-0-17-0-0-0-0-0-0-0-0-0-0-0-0-0.info
0-0-0-0-0-0-0-0-0-0-0-0-0-18-0-0-0-0-0-0-0-0-0-0-0-0-0.info
0-0-0-0-0-0-0-0-0-0-0-0-0-19-0-0-0-0-0-0-0-0-0-0-0-0-0.info
0-0-0-0-0-0-0-0-0-0-0-0-0-2-0-0-0-0-0-0-0-0-0-0-0-0-0.info
0-0-0-0-0-0-0-0-0-0-0-0-0-20-0-0-0-0-0-0-0-0-0-0-0-0-0.info
0-0-0-0-0-0-0-0-0-0-0-0-0-21-0-0-0-0-0-0-0-0-0-0-0-0-0.info
0-0-0-0-0-0-0-0-0-0-0-0-0-22-0-0-0-0-0-0-0-0-0-0-0-0-0.info
0-0-0-0-0-0-0-0-0-0-0-0-0-23-0-0-0-0-0-0-0-0-0-0-0-0-0.info
0-0-0-0-0-0-0-0-0-0-0-0-0-24-0-0-0-0-0-0-0-0-0-0-0-0-0.info
0-0-0-0-0-0-0-0-0-0-0-0-0-25-0-0-0-0-0-0-0-0-0-0-0-0-0.info
0-0-0-0-0-0-0-0-0-0-0-0-0-26-0-0-0-0-0-0-0-0-0-0-0-0-0.info
0-0-0-0-0-0-0-0-0-0-0-0-0-27-0-0-0-0-0-0-0-0-0-0-0-0-0.info
0-0-0-0-0-0-0-0-0-0-0-0-0-28-0-0-0-0-0-0-0-0-0-0-0-0-0.info
0-0-0-0-0-0-0-0-0-0-0-0-0-29-0-0-0-0-0-0-0-0-0-0-0-0-0.info
0-0-0-0-0-0-0-0-0-0-0-0-0-3-0-0-0-0-0-0-0-0-0-0-0-0-0.info
0-0-0-0-0-0-0-0-0-0-0-0-0-30-0-0-0-0-0-0-0-0-0-0-0-0-0.info
0-0-0-0-0-0-0-0-0-0-0-0-0-31-0-0-0-0-0-0-0-0-0-0-0-0-0.info
0-0-0-0-0-0-0-0-0-0-0-0-0-32-0-0-0-0-0-0-0-0-0-0-0-0-0.info
0-0-0-0-0-0-0-0-0-0-0-0-0-33-0-0-0-0-0-0-0-0-0-0-0-0-0.info
0-0-0-0-0-0-0-0-0-0-0-0-0-34-0-0-0-0-0-0-0-0-0-0-0-0-0.info
0-0-0-0-0-0-0-0-0-0-0-0-0-35-0-0-0-0-0-0-0-0-0-0-0-0-0.info
0-0-0-0-0-0-0-0-0-0-0-0-0-36-0-0-0-0-0-0-0-0-0-0-0-0-0.info
0-0-0-0-0-0-0-0-0-0-0-0-0-37-0-0-0-0-0-0-0-0-0-0-0-0-0.info
0-0-0-0-0-0-0-0-0-0-0-0-0-38-0-0-0-0-0-0-0-0-0-0-0-0-0.info
0-0-0-0-0-0-0-0-0-0-0-0-0-39-0-0-0-0-0-0-0-0-0-0-0-0-0.info
0-0-0-0-0-0-0-0-0-0-0-0-0-4-0-0-0-0-0-0-0-0-0-0-0-0-0.info
0-0-0-0-0-0-0-0-0-0-0-0-0-40-0-0-0-0-0-0-0-0-0-0-0-0-0.info
0-0-0-0-0-0-0-0-0-0-0-0-0-5-0-0-0-0-0-0-0-0-0-0-0-0-0.info
0-0-0-0-0-0-0-0-0-0-0-0-0-58-0-0-0-0-0-0-0-0-0-0-0-0-0.info
0-0-0-0-0-0-0-0-0-0-0-0-0-59-0-0-0-0-0-0-0-0-0-0-0-0-0.info
0-0-0-0-0-0-0-0-0-0-0-0-0-6-0-0-0-0-0-0-0-0-0-0-0-0-0.info
0-0-0-0-0-0-0-0-0-0-0-0-0-60-0-0-0-0-0-0-0-0-0-0-0-0-0.info
0-0-0-0-0-0-0-0-0-0-0-0-0-7-0-0-0-0-0-0-0-0-0-0-0-0-0.info
0-0-0-0-0-0-0-0-0-0-0-0-0-8-0-0-0-0-0-0-0-0-0-0-0-0-0.info
0-0-0-0-0-0-0-0-0-0-0-0-0-9-0-0-0-0-0-0-0-0-0-0-0-0-0.info
0-0-0-0-0-0-0-0-0-0.com
0-0-0-0-0-0-0.eu
0-0-0-0-0-0-sex.dk
0-0-0-0-0-0.com
0-0-0-0-0-0.eu
0-0-0-0-0-0.org
0-0-0-0-0-gratis.dk
0-0-0-0-0-kendte.dk
0-0-0-0-0-nethul.dk
0-0-0-0-0-numser.dk
0-0-0-0-0-teen.dk
0-0-0-0-0.com
0-0-0-0-0.de
0-0-0-0-0.dk
0-0-0-0-0.eu
0-0-0-0.com
0-0-0-0.de
0-0-0-0.dk
0-0-0-0.eu
0-0-0-0.info
0-0-0-0.net
0-0-0-0.org
0-0-0-1.de
0-0-0-1.net
0-0-0-treffern-prosieben.de
0-0-0-webhosting.com
0-0-0.at
0-0-0.biz
0-0-0.cn
0-0-0.co.in
0-0-0.com
0-0-0.de
0-0-0.eu
0-0-0.in
0-0-0.info
0-0-0.ir
0-0-0.mobi
0-0-0.net
0-0-0.org
0-0-0.se
0-0-0.tv
0-0-0.us
0-0-00.com
0-0-0000.com
0-0-0checkmate.com
0-0-0corporation.com
0-0-1-web-production.ch
0-0-1.cn
0-0-1.com
0-0-1.de
0-0-1.info
0-0-1.net
0-0-1.se
0-0-10.com
0-0-12.com
0-0-2-4.com
0-0-2.com
0-0-2.eu
0-0-24.com
0-0-3.com
0-0-3.eu
0-0-4.com
0-0-5.com
0-0-6.com
0-0-6.dk
0-0-6.eu
0-0-7-omega.net
0-0-7-omega7.com
0-0-7-omega7.net
0-0-7-omegas.com
0-0-7-omegas.net
0-0-7.biz
0-0-7.co.uk
0-0-7.com
0-0-7.de
0-0-7.eu
0-0-7.info
0-0-7.net
0-0-7.org
0-0-7.tv
0-0-8.com
0-0-8.eu
0-0-9.com
0-0-9.eu
0-0-adult-superstore.com
0-0-avgod.com
0-0-h.com
0-0-h41.mobi
0-0-mydomain.com
0-0-n.com
0-0-nix.com
0-0-nix.de
0-0-nix.net
0-0-o-o-o-e-e-r-i-n-i-m-a-m-a-ma-ma.asia
0-0-sex.com
0-0-sieben.de
0-0-soul.com
0-0-x.com
0-0-xxx.com
0-0-z.com
0-0.asia
0-0.at
0-0.be
0-0.biz
0-0.bz
0-0.ca
0-0.cc
0-0.cg
0-0.ch
0-0.cm
0-0.cn
0-0.co.in
0-0.co.uk
0-0.com
0-0.com.cn
0-0.de
0-0.dk
0-0.es
0-0.eu
0-0.fr
0-0.hu
0-0.in
0-0.info
0-0.ir
0-0.it
0-0.jp
0-0.me
0-0.mobi
0-0.net
0-0.nu
0-0.org
0-0.pl
0-0.se
0-0.sk
0-0.tk
0-0.us
0-00-0.com
0-00-0.de
0-00-0.info
0-00-000.com
0-00.biz
0-00.cn
0-00.com
0-00.de
0-00.info
0-00.net
0-00.us
0-000-0.com
0-000.com
0-000.de
0-000.net
0-0000.com
0-001.com
0-009.com
0-00cigarettes.info
0-01.com
0-01.de
0-01.net
0-015707317.com
0-015709255.com
0-02.com
0-02.de
0-02.net
0-03.com
0-03k6.mobi
0-04.com
0-05.cn
0-05.com
0-05.net
0-05kmproducciones.com
0-06.com
0-0619.info
0-07.com
0-07.de
0-08.com
0-09.com
0-0a.de
0-0a.net
0-0asia.com
0-0asiablue.com
0-0auto.com
0-0b.com
0-0c.net
0-0car.com
0-0cigarette.com
0-0discovery.com
0-0domain.com
0-0hosts.com
0-0j.nl
0-0jg.com
0-0k.com
0-0losers.com
0-0n.com
0-0net-heaven.com
0-0net.net
0-0o-o.com
0-0o.com
0-0o.org
0-0onlus.biz
0-0onlus.com
0-0onlus.info
0-0onlus.net
0-0onlus.org
0-0p.com
0-0republik.com
0-0s.com
0-0search.com
0-0store.com
0-0sz.cn
0-0sz.com
0-0szd.com
0-0tg.cn
0-0tg.com
0-0tg.net
0-0v.com
0-0v.net
0-0vision.com
0-0wear.com
0-0y.com
0-0z.com
0-1-0-1.com
0-1-0.com
0-1-0.de
0-1-0.info
0-1-0.net
0-1-1-1.com
0-1-1.com
0-1-1.de
0-1-100.com
0-1-100.org
0-1-2-0.com
0-1-2-3-4-5-6-7-8-9-10-11-12-13-14-15-16-17-18.com
0-1-2-3-4-5-6-7-8-9-10-11-12-13-14-15-16-17-18.net
0-1-2-3-4-5-6-7-8-9.com
0-1-2-3-4-5-6-7-8-9.de
0-1-2-3-4-5.com
0-1-2-3-4-5.net
0-1-2-3-4.de
0-1-2-3.com
0-1-2-3.de
0-1-2-3.info
0-1-2-3domainregisteraslowas795.com
0-1-2-dabei.de
0-1-2.biz
0-1-2.co.uk
0-1-2.com
0-1-2.de
0-1-2.info
0-1-2.net
0-1-2.org
0-1-3.de
0-1-7.com
0-1-8.com
0-1-9-0.de
0-1-org.de
0-1.asia
0-1.at
0-1.biz
0-1.bz
0-1.cc
0-1.cg
0-1.cn
0-1.co.uk
0-1.com
0-1.com.au
0-1.com.cn
0-1.de
0-1.dk
0-1.eu
0-1.fr
0-1.gr
0-1.info
0-1.ir
0-1.it
0-1.jp
0-1.li
0-1.me
0-1.net
0-1.nu
0-1.org
0-1.ru
0-1.se
0-1.us
0-1.uz
0-10-100.com
0-10-13.de
0-10.cn
0-10.co.uk
0-10.com
0-10.de
0-10.net
0-100-0.com
0-100-0.net
0-100-ans.com
0-100.ca
0-100.cc
0-100.ch
0-100.cn
0-100.com
0-100.de
0-100.eu
0-100.gr
0-100.in
0-100.info
0-100.ir
0-100.it
0-100.net
0-100.org
0-100.tv
0-1000.biz
0-1000.com
0-1000.de
0-10000.com
0-10000.net
0-1000000.com
0-1000000marketing.com
0-1000v.com
0-100adolescent18.com
0-100c.cn
0-100c.com
0-100car.com
0-100editions.com
0-100editions.net
0-100edu.com
0-100km.com
0-100kmh.com
0-100kmh.de
0-100kms.com
0-100mph.com
0-100nian.com
0-100s.biz
0-100s.com
0-100s.info
0-100s.mobi
0-100s.net
0-100s.org
0-100shop.com
0-100sui.com
0-100w.com
0-100wine.com
0-101.com
0-101.net
0-101.org
0-10eisai.com
0-10shop.com
0-10v.com
0-10vote.com
0-11-4-9-12.com
0-11.com
0-11.de
0-11.net
0-110.com
0-111.com
0-11235.com
0-119.com
0-12.com
0-12.com.cn
0-12.de
0-12.me
0-12.net
0-12.org
0-120.com
0-123.biz
0-123.com
0-123.de
0-123.net
0-1234.com
0-123456789.com
0-123456789.de
0-1298.com
0-12children.com
0-12cn.cn
0-12cn.com
0-12edu.com
0-12kid.com
0-12kids.com
0-12linemen.com
0-13.com
0-13.de
0-13.net
0-13.org
0-130.com
0-131.ir
0-137.de
0-14.com
0-14.de
0-14.dk
0-140.com
0-14tower.com
0-15.cn
0-15.com
0-15.de
0-150.com
0-153.com
0-15e.com
0-15generation.com
0-15magazine.com
0-16.cn
0-16.co.uk
0-16.com
0-16.de
0-16.eu
0-16.it
0-160.com
0-168.com
0-168.net
0-17.com
0-17.de
0-17.gr
0-17.net
0-170.com
0-173.com
0-18.az
0-18.com
0-18.de
0-18.gr
0-18.me
0-18.net
0-18.org
0-180-email.de
0-180-mail.de
0-180.com
0-180.de
0-1801.de
0-1802.de
0-1803.de
0-1804.de
0-1805.de
0-18baby.com
0-18edu.com
0-18klinik.com
0-18s.com
0-19.co.uk
0-19.com
0-19.de
0-190.com
0-19insalford.info
0-19neuruppin.de
0-1avsex.com
0-1cp.com
0-1cp.net
0-1design.com
0-1digital.com
0-1du.cn
0-1du.com
0-1integer.com
0-1labo.com
0-1life.net
0-1m.com
0-1net.com
0-1portal.de
0-1pro.us
0-1s.com
0-1s.net
0-1sex.com
0-1st.com
0-1sui.com
0-1vision.com
0-1waspkiller.com
0-1web.com
0-1x.com
0-2-0.cn
0-2-0.com
0-2-0.net
0-2-1-1-3.com
0-2-1.com
0-2-100.com
0-2-2-3.com
0-2-2.com
0-2-3.com
0-2-4.cn
0-2-4.com
0-2-5.com
0-2-60-n-90.com
0-2-60.com
0-2-60.net
0-2-7.com
0-2-8.com
0-2-9.com
0-2-genion.com
0-2-genion.de
0-2-hero.com
0-2-online.com
0-2-online.de
0-2-sixty.com
0-2-sixty.info
0-2.biz
0-2.cc
0-2.cg
0-2.cn
0-2.co.uk
0-2.com
0-2.de
0-2.eu
0-2.ie
0-2.info
0-2.ir
0-2.net
0-2.nu
0-2.org
0-2.pl
0-2.ru
0-2.tk
0-2.us
0-20.com
0-20.com.au
0-20.de
0-20.dk
0-200-0.com
0-200.com
0-200.net
0-2008.com
0-201.de
0-2012-c.com
0-202.de
0-203.de
0-2041.de
0-2043.de
0-2045.de
0-2051.de
0-2054.de
0-2056.de
0-2058.de
0-2064.de
0-2065.de
0-2066.de
0-208.de
0-209.de
0-20ma.de
0-21.cn
0-21.co.uk
0-21.com
0-21.de
0-21.ir
0-21.net
0-2102.de
0-2103.de
0-2104.de
0-211.de
0-212.de
0-2129.de
0-2131.de
0-2132.de
0-2133.de
0-2137.de
0-214.de
0-2150.de
0-2151.de
0-2152.de
0-2153.de
0-2154.de
0-2156.de
0-2157.de
0-2158.de
0-2159.de
0-2161.de
0-2162.de
0-2163.de
0-2166.de
0-2171.de
0-2173.de
0-2174.de
0-2175.de
0-2181.de
0-2182.de
0-2183.de
0-2191.de
0-2195.de
0-2196.de
0-22.com
0-22.net
0-2202.de
0-2203.de
0-2204.de
0-2205.de
0-2206.de
0-2207.de
0-2208.de
0-221.de
0-2222.de
0-2223.de
0-2224.de
0-2225.de
0-2226.de
0-2227.de
0-2232.de
0-2233.de
0-2234.de
0-2235.de
0-2236.de
0-2237.de
0-2238.de
0-2241.de
0-2242.de
0-2243.de
0-2244.de
0-2245.de
0-2246.de
0-2247.de
0-2251.de
0-2254.de
0-2255.de
0-2261.de
0-2262.de
0-2263.de
0-2266.de
0-2267.de
0-2271.de
0-2272.de
0-2273.de
0-228.de
0-229.com
0-2292.de
0-23.com
0-2302.de
0-2303.de
0-2304.de
0-2305.de
0-2306.de
0-2307.de
0-2309.de
0-231.de
0-2323.de
0-2324.de
0-2325.de
0-2327.de
0-2330.de
0-2331.de
0-2332.de
0-2333.de
0-2334.de
0-2335.de
0-2339.de
0-234.de
0-2351.de
0-2352.de
0-2355.de
0-2361.de
0-2362.de
0-2363.de
0-2364.de
0-2365.de
0-2366.de
0-2368.de
0-2369.de
0-2371.de
0-2372.de
0-2373.de
0-2374.de
0-2381.de
0-2382.de
0-2389.de
0-2392.de
0-24-ferien.de
0-24-sex.de
0-24-shopping.de
0-24-uhr.de
0-24-urlaub.de
0-24.asia
0-24.at
0-24.bg
0-24.biz
0-24.com
0-24.de
0-24.eu
0-24.info
0-24.it
0-24.net
0-24.org
0-24.ro
0-2401.de
0-2402.de
0-2403.de
0-2404.de
0-2405.de
0-2406.de
0-2407.de
0-2408.de
0-241.de
0-242.com
0-2421.de
0-2431.de
0-2432.de
0-2433.de
0-2434.de
0-2451.de
0-2452.de
0-2461.de
0-24aplus.de
0-24asztalos.hu
0-24auto.com
0-24auto.de
0-24automentes.hu
0-24biztositas.hu
0-24booking.com
0-24domain.biz
0-24domain.com
0-24domain.hu
0-24domain.info
0-24domain.net
0-24domainregisztrator.hu
0-24dugulaselharitas.hu
0-24english.hu
0-24fcg.hu
0-24florist.com
0-24gazkeszulek.hu
0-24gyorsszolgalat.hu
0-24gyorsszolgalat.net
0-24h.at
0-24h.bg
0-24h.com
0-24h.de
0-24h.eu
0-24h.hu
0-24h.net
0-24h.org
0-24huto.hu
0-24inet.hu
0-24int.hu
0-24internet.hu
0-24kaputelefon.hu
0-24kazan.hu
0-24klima.hu
0-24leasing.de
0-24mosogatogep.hu
0-24mosogep.hu
0-24notdienst.de
0-24nyomtatas.hu
0-24print.hu
0-24reg.com
0-24sexcams.com
0-24std.com
0-24szakmunkaskozvetites.hu
0-24szallas.hu
0-24szerviz.hu
0-24taksi.de
0-24uhr.at
0-24uhr.com
0-24uhr.de
0-24uhr.info
0-24versicherung.de
0-24villanyszereles.hu
0-24zarszerviz.hu
0-25.com
0-250.com
0-2501.de
0-2506.de
0-251.de
0-2521.de
0-2524.de
0-254.com
0-254.net
0-2541.de
0-255.com
0-255.net
0-2561.de
0-2564.de
0-2566.de
0-2571.de
0-2572.de
0-2581.de
0-2592.de
0-2594.de
0-2596.de
0-26.com
0-260-ao3-0.com
0-260-ao4-0.com
0-260-ao5-0.com
0-260-ao6-0.com
0-2602.de
0-261.de
0-2622.de
0-2626.de
0-2631.de
0-2632.de
0-2634.de
0-2641.de
0-2642.de
0-2644.de
0-2651.de
0-2661.de
0-2682.de
0-2683.de
0-2689.de
0-2691.de
0-27.com
0-27.net
0-271.de
0-2721.de
0-2722.de
0-2732.de
0-2733.de
0-2734.de
0-2735.de
0-2737.de
0-2738.de
0-2739.de
0-2741.de
0-2761.de
0-2771.de
0-2772.de
0-2774.de
0-28.com
0-2801.de
0-281.de
0-2821.de
0-2822.de
0-2823.de
0-2831.de
0-2832.de
0-2833.de
0-2835.de
0-2837.de
0-2841.de
0-2842.de
0-2843.de
0-2845.de
0-2852.de
0-2855.de
0-2858.de
0-2861.de
0-2871.de
0-2872.de
0-29.com
0-2902.de
0-291.de
0-2921.de
0-2922.de
0-2932.de
0-2941.de
0-2951.de
0-2961.de
0-2communications.de
0-2company.de
0-2deutschland.de
0-2events.de
0-2fuelyourlife.com
0-2genion.com
0-2genion.de
0-2germany.de
0-2investorrelations.de
0-2jobs.de
0-2karriere.de
0-2kommunikation.de
0-2life.net
0-2messen.de
0-2mobil.de
0-2online.de
0-2portal.de
0-2presse.de
0-2publicrelations.de
0-2u.com
0-2unternehmen.de
0-2unternehmenskommunikation.de
0-3-0.de
0-3-3.com
0-3-4.com
0-3-6-5.com
0-3-6.com
0-3-6.org
0-3.biz
0-3.cc
0-3.cg
0-3.cn
0-3.co.uk
0-3.com
0-3.de
0-3.eu
0-3.info
0-3.ir
0-3.net
0-3.nu
0-3.org
0-3.ru
